<?xml version="1.0" encoding="UTF-8"?>
<testsuite xmlns:xsi="http://www.w3.org/2001/XMLSchema-instance" xsi:noNamespaceSchemaLocation="https://maven.apache.org/surefire/maven-surefire-plugin/xsd/surefire-test-report.xsd" name="com.parkit.parkingsystem.ParkingServiceTest" time="3.198" tests="14" errors="0" skipped="0" failures="0">
  <properties>
[...]
</properties>
  <testcase name="testParkingSpotDAOGetNextAvailableSlot" classname="com.parkit.parkingsystem.ParkingServiceTest" time="1.717"/>
  <testcase name="testGetNextParkingNumberIfAvailableParkingNumberNotFound" classname="com.parkit.parkingsystem.ParkingServiceTest" time="0.054"/>
  <testcase name="testTicketDaoTicketOut" classname="com.parkit.parkingsystem.ParkingServiceTest" time="0.09"/>
  <testcase name="processExitingVehicleTestUnableUpdate" classname="com.parkit.parkingsystem.ParkingServiceTest" time="0.072"/>
  <testcase name="testTicketDAOGetTicket" classname="com.parkit.parkingsystem.ParkingServiceTest" time="0.043"/>
  <testcase name="testTicketDAOSaveTicket" classname="com.parkit.parkingsystem.ParkingServiceTest" time="0.03"/>
  <testcase name="testTicketDaoGetNBTicket" classname="com.parkit.parkingsystem.ParkingServiceTest" time="0.07"/>
  <testcase name="testGetNextParkingNumberIfAvailableParkingNumberWrongArgument" classname="com.parkit.parkingsystem.ParkingServiceTest" time="0.009"/>
  <testcase name="testGetNextParkingNumberIfAvailable" classname="com.parkit.parkingsystem.ParkingServiceTest" time="0.005"/>
  <testcase name="testGetNextParkingNumberIfAvailableParkingNumberNotFoundBike" classname="com.parkit.parkingsystem.ParkingServiceTest" time="0.008"/>
  <testcase name="testTicketDaoUpdateTicket" classname="com.parkit.parkingsystem.ParkingServiceTest" time="0.013"/>
  <testcase name="processExitingVehicleTest" classname="com.parkit.parkingsystem.ParkingServiceTest" time="0.048"/>
  <testcase name="testProcessIncomingVehicle" classname="com.parkit.parkingsystem.ParkingServiceTest" time="0.014"/>
  <testcase name="testParkingSpotDAOUpdateParking" classname="com.parkit.parkingsystem.ParkingServiceTest" time="0.016"/>
</testsuite>