<?xml version="1.0" encoding="UTF-8" standalone="yes"?><!DOCTYPE report PUBLIC "-//JACOCO//DTD Report 1.1//EN" "report.dtd"><report name="parking-system"><sessioninfo id="taxibarbara-morganballad-9a5d4cd1" start="1684516989436" dump="1684516991997"/><sessioninfo id="taxibarbara-morganballad-ab67b07e" start="1684516998835" dump="1684517003508"/><sessioninfo id="taxibarbara-morganballad-2093e1ae" start="1684517146327" dump="1684517149113"/><sessioninfo id="taxibarbara-morganballad-7c14e0e6" start="1684517155900" dump="1684517161446"/><sessioninfo id="taxibarbara-morganballad-a856d67d" start="1684517207882" dump="1684517210600"/><sessioninfo id="taxibarbara-morganballad-ea9db022" start="1684517217283" dump="1684517223260"/><sessioninfo id="taxibarbara-morganballad-9eaf6580" start="1684523601640" dump="1684523604691"/><sessioninfo id="taxibarbara-morganballad-9fd57cd" start="1684523611878" dump="1684523617007"/><sessioninfo id="taxibarbara-morganballad-36cbebf3" start="1684523664552" dump="1684523667333"/><sessioninfo id="taxibarbara-morganballad-c9a9d217" start="1684523675805" dump="1684523681233"/><sessioninfo id="taxibarbara-morganballad-ba21be89" start="1684523721642" dump="1684523724500"/><sessioninfo id="taxibarbara-morganballad-5712a82a" start="1684523731065" dump="1684523736276"/><sessioninfo id="taxibarbara-morganballad-b8de98a3" start="1684523774309" dump="1684523777188"/><sessioninfo id="taxibarbara-morganballad-b663fd70" start="1684523784494" dump="1684523789243"/><sessioninfo id="taxibarbara-morganballad-784cb2a6" start="1684523849166" dump="1684523852015"/><sessioninfo id="taxibarbara-morganballad-e5de2946" start="1684523859173" dump="1684523864932"/><sessioninfo id="taxibarbara-morganballad-6e0d325f" start="1684523989680" dump="1684523992510"/><sessioninfo id="taxibarbara-morganballad-a8931dd0" start="1684523999368" dump="1684524003109"/><sessioninfo id="taxibarbara-morganballad-ec512b4e" start="1684524110280" dump="1684524113029"/><sessioninfo id="taxibarbara-morganballad-f64d7c3f" start="1684524119818" dump="1684524123805"/><sessioninfo id="taxibarbara-morganballad-dac64b50" start="1684524206096" dump="1684524208955"/><sessioninfo id="taxibarbara-morganballad-367ec94f" start="1684524216986" dump="1684524222416"/><sessioninfo id="taxibarbara-morganballad-ca1c7299" start="1684524296435" dump="1684524298957"/><sessioninfo id="taxibarbara-morganballad-214d5a8d" start="1684524306342" dump="1684524310461"/><sessioninfo id="taxibarbara-morganballad-3c42ab2" start="1684524392737" dump="1684524395342"/><sessioninfo id="taxibarbara-morganballad-1c9aabc0" start="1684524401776" dump="1684524407083"/><sessioninfo id="taxibarbara-morganballad-5c4a23d8" start="1684524495485" dump="1684524498327"/><sessioninfo id="taxibarbara-morganballad-4fc9ea1d" start="1684524504746" dump="1684524510105"/><sessioninfo id="taxibarbara-morganballad-bb2e2756" start="1684524630352" dump="1684524633285"/><sessioninfo id="taxibarbara-morganballad-7d6846bb" start="1684524641313" dump="1684524647553"/><sessioninfo id="taxibarbara-morganballad-d230a1e2" start="1684525194521" dump="1684525197334"/><sessioninfo id="taxibarbara-morganballad-d10a9fa" start="1684525204172" dump="1684525210246"/><sessioninfo id="taxibarbara-morganballad-f8b6c89e" start="1684525288622" dump="1684525291352"/><sessioninfo id="taxibarbara-morganballad-8a88fb7d" start="1684525297781" dump="1684525302948"/><sessioninfo id="taxibarbara-morganballad-dcc9fcf" start="1684525336869" dump="1684525339627"/><sessioninfo id="taxibarbara-morganballad-5091f0d9" start="1684525346513" dump="1684525351872"/><sessioninfo id="taxibarbara-morganballad-7ef5f3ff" start="1684526018595" dump="1684526021584"/><sessioninfo id="taxibarbara-morganballad-6951ae4c" start="1684526029056" dump="1684526034292"/><sessioninfo id="taxibarbara-morganballad-75b14db6" start="1684526114903" dump="1684526117632"/><sessioninfo id="taxibarbara-morganballad-ec431391" start="1684526124145" dump="1684526129390"/><sessioninfo id="taxibarbara-morganballad-6f8c5848" start="1684526184503" dump="1684526187243"/><sessioninfo id="taxibarbara-morganballad-eb4ca73e" start="1684526193845" dump="1684526199204"/><sessioninfo id="taxibarbara-morganballad-b09a8a83" start="1684527262080" dump="1684527264883"/><sessioninfo id="taxibarbara-morganballad-29972fc3" start="1684527271498" dump="1684527276737"/><sessioninfo id="taxibarbara-morganballad-822666f3" start="1684527373214" dump="1684527376144"/><sessioninfo id="taxibarbara-morganballad-92b29d6f" start="1684527383409" dump="1684527388942"/><sessioninfo id="taxibarbara-morganballad-d502632b" start="1684527574416" dump="1684527577189"/><sessioninfo id="taxibarbara-morganballad-d0ef613a" start="1684527584295" dump="1684527589318"/><sessioninfo id="taxibarbara-morganballad-d67ca606" start="1684527675380" dump="1684527678246"/><sessioninfo id="taxibarbara-morganballad-77710a5a" start="1684527684741" dump="1684527689927"/><sessioninfo id="taxibarbara-morganballad-3e13b49a" start="1684527772819" dump="1684527775642"/><sessioninfo id="taxibarbara-morganballad-75f57f22" start="1684527783259" dump="1684527788710"/><sessioninfo id="taxibarbara-morganballad-c9fb9b5a" start="1684528060720" dump="1684528063596"/><sessioninfo id="taxibarbara-morganballad-1d09dcb7" start="1684528069930" dump="1684528075074"/><sessioninfo id="taxibarbara-morganballad-7a25c2" start="1684528116044" dump="1684528119027"/><sessioninfo id="taxibarbara-morganballad-a199a1ba" start="1684528125826" dump="1684528130979"/><sessioninfo id="taxibarbara-morganballad-4bd3790e" start="1684528197747" dump="1684528200489"/><sessioninfo id="taxibarbara-morganballad-cf11f9d9" start="1684528207317" dump="1684528212433"/><sessioninfo id="taxibarbara-morganballad-8c2e6fb7" start="1684532955176" dump="1684532958279"/><sessioninfo id="taxibarbara-morganballad-e1eefb0" start="1684532966298" dump="1684532971190"/><sessioninfo id="taxibarbara-morganballad-97d740ff" start="1684533006035" dump="1684533008880"/><sessioninfo id="taxibarbara-morganballad-ad0bdb89" start="1684533015570" dump="1684533019816"/><sessioninfo id="taxibarbara-morganballad-ca500aa8" start="1684533039294" dump="1684533042606"/><sessioninfo id="taxibarbara-morganballad-32a7a6ac" start="1684533049414" dump="1684533054471"/><sessioninfo id="taxibarbara-morganballad-2bc7de94" start="1684533136694" dump="1684533139422"/><sessioninfo id="taxibarbara-morganballad-28e6e840" start="1684533146185" dump="1684533150229"/><sessioninfo id="taxibarbara-morganballad-385074ae" start="1684533188668" dump="1684533191357"/><sessioninfo id="taxibarbara-morganballad-eb946fbf" start="1684533198157" dump="1684533202850"/><sessioninfo id="taxibarbara-morganballad-4998be5d" start="1684533242079" dump="1684533244810"/><sessioninfo id="taxibarbara-morganballad-1ad2cf45" start="1684533251490" dump="1684533256280"/><sessioninfo id="taxibarbara-morganballad-dedae8f0" start="1684533291045" dump="1684533293637"/><sessioninfo id="taxibarbara-morganballad-77253f23" start="1684533300148" dump="1684533305819"/><sessioninfo id="taxibarbara-morganballad-c5cbe141" start="1684533328547" dump="1684533331353"/><sessioninfo id="taxibarbara-morganballad-68ca90ef" start="1684533338103" dump="1684533342604"/><sessioninfo id="taxibarbara-morganballad-ca99d349" start="1684533393112" dump="1684533395851"/><sessioninfo id="taxibarbara-morganballad-36d87cb5" start="1684533402640" dump="1684533406576"/><sessioninfo id="taxibarbara-morganballad-dd75fa0f" start="1684533565039" dump="1684533567814"/><sessioninfo id="taxibarbara-morganballad-23ba77d9" start="1684533577607" dump="1684533581502"/><sessioninfo id="taxibarbara-morganballad-8606f291" start="1684533650764" dump="1684533653992"/><sessioninfo id="taxibarbara-morganballad-e154e863" start="1684533662967" dump="1684533667643"/><sessioninfo id="taxibarbara-morganballad-6f219ec6" start="1684533704016" dump="1684533706947"/><sessioninfo id="taxibarbara-morganballad-b6ff5a7" start="1684533713881" dump="1684533717966"/><sessioninfo id="taxibarbara-morganballad-7e8d3181" start="1684541359767" dump="1684541363475"/><sessioninfo id="taxibarbara-morganballad-2721dd48" start="1684541370860" dump="1684541377097"/><sessioninfo id="taxibarbara-morganballad-5f18c3d2" start="1684541534454" dump="1684541538545"/><sessioninfo id="taxibarbara-morganballad-8a2a4864" start="1684541547617" dump="1684541553762"/><sessioninfo id="taxibarbara-morganballad-bdbbd179" start="1684541614696" dump="1684541617485"/><sessioninfo id="taxibarbara-morganballad-97a3a2ad" start="1684541625613" dump="1684541629911"/><sessioninfo id="taxibarbara-morganballad-2fd6eaf4" start="1684541668908" dump="1684541672854"/><sessioninfo id="taxibarbara-morganballad-8159d61e" start="1684541681326" dump="1684541688162"/><sessioninfo id="taxibarbara-morganballad-cbc8b03c" start="1684541782822" dump="1684541787785"/><sessioninfo id="taxibarbara-morganballad-c537110e" start="1684541797427" dump="1684541803914"/><sessioninfo id="taxibarbara-morganballad-9ae18365" start="1684541845813" dump="1684541849219"/><sessioninfo id="taxibarbara-morganballad-7fda1517" start="1684541855380" dump="1684541861393"/><sessioninfo id="taxibarbara-morganballad-6d07215e" start="1684541886964" dump="1684541889839"/><sessioninfo id="taxibarbara-morganballad-d05ebbee" start="1684541898257" dump="1684541905390"/><sessioninfo id="taxibarbara-morganballad-dfc1c518" start="1684576224913" dump="1684576228362"/><sessioninfo id="taxibarbara-morganballad-bdfc73d6" start="1684576235583" dump="1684576241589"/><sessioninfo id="taxibarbara-morganballad-94565c" start="1684577288046" dump="1684577290642"/><sessioninfo id="taxibarbara-morganballad-89b9a194" start="1684577297486" dump="1684577303634"/><sessioninfo id="taxibarbara-morganballad-f5e046cf" start="1684577536082" dump="1684577538852"/><sessioninfo id="taxibarbara-morganballad-f45ca345" start="1684577545309" dump="1684577549269"/><sessioninfo id="taxibarbara-morganballad-7bd2f920" start="1684594936186" dump="1684594939030"/><sessioninfo id="taxibarbara-morganballad-f941998" start="1684594946955" dump="1684594952184"/><sessioninfo id="taxibarbara-morganballad-118ad724" start="1684594983175" dump="1684594985824"/><sessioninfo id="taxibarbara-morganballad-ae79eaaa" start="1684594992653" dump="1684594998251"/><sessioninfo id="taxibarbara-morganballad-8ad35c3e" start="1684595131480" dump="1684595134383"/><sessioninfo id="taxibarbara-morganballad-89eb9623" start="1684595142149" dump="1684595147069"/><sessioninfo id="taxibarbara-morganballad-f17f13a3" start="1684595661501" dump="1684595664091"/><sessioninfo id="taxibarbara-morganballad-80dd5001" start="1684595671899" dump="1684595677114"/><sessioninfo id="taxibarbara-morganballad-c755d7f" start="1684595705435" dump="1684595708500"/><sessioninfo id="taxibarbara-morganballad-b1e32150" start="1684595715013" dump="1684595719830"/><sessioninfo id="taxibarbara-morganballad-2d0e87ed" start="1684595771731" dump="1684595774649"/><sessioninfo id="taxibarbara-morganballad-e0d273e" start="1684595781300" dump="1684595785625"/><sessioninfo id="taxibarbara-morganballad-f285c680" start="1684595809673" dump="1684595812846"/><sessioninfo id="taxibarbara-morganballad-2233fda0" start="1684595819217" dump="1684595829940"/><sessioninfo id="taxibarbara-morganballad-167ad3f6" start="1684595849362" dump="1684595851967"/><sessioninfo id="taxibarbara-morganballad-4f57376d" start="1684595859917" dump="1684595864671"/><sessioninfo id="taxibarbara-morganballad-db5d1b7e" start="1684595943251" dump="1684595945870"/><sessioninfo id="taxibarbara-morganballad-a215adc5" start="1684595953694" dump="1684595958674"/><sessioninfo id="taxibarbara-morganballad-33dbcbfd" start="1684595993082" dump="1684595995854"/><sessioninfo id="taxibarbara-morganballad-525e03f1" start="1684596002636" dump="1684596008611"/><sessioninfo id="taxibarbara-morganballad-4fff918c" start="1684596040611" dump="1684596043255"/><sessioninfo id="taxibarbara-morganballad-ef5074f3" start="1684596050878" dump="1684596056370"/><sessioninfo id="taxibarbara-morganballad-4e1f096c" start="1684596280463" dump="1684596283413"/><sessioninfo id="taxibarbara-morganballad-d303a0d4" start="1684596290905" dump="1684596296726"/><sessioninfo id="taxibarbara-morganballad-5e9ec75a" start="1684596328842" dump="1684596331751"/><sessioninfo id="taxibarbara-morganballad-e08decc5" start="1684596338677" dump="1684596344256"/><sessioninfo id="taxibarbara-morganballad-a59ee0a9" start="1684596361574" dump="1684596364295"/><sessioninfo id="taxibarbara-morganballad-35bfe757" start="1684596371879" dump="1684596377594"/><sessioninfo id="taxibarbara-morganballad-364e9630" start="1684596416599" dump="1684596419503"/><sessioninfo id="taxibarbara-morganballad-1dc666a" start="1684596426511" dump="1684596435559"/><sessioninfo id="taxibarbara-morganballad-6173da66" start="1684596655317" dump="1684596658274"/><sessioninfo id="taxibarbara-morganballad-8fe8b537" start="1684596665473" dump="1684596671700"/><sessioninfo id="taxibarbara-morganballad-bfd00616" start="1684596694462" dump="1684596697174"/><sessioninfo id="taxibarbara-morganballad-386dc19a" start="1684596704566" dump="1684596710189"/><sessioninfo id="taxibarbara-morganballad-7ed8f10d" start="1684596793831" dump="1684596796609"/><sessioninfo id="taxibarbara-morganballad-9569ab1a" start="1684596803296" dump="1684596809194"/><sessioninfo id="taxibarbara-morganballad-54475a6d" start="1684596902697" dump="1684596905453"/><sessioninfo id="taxibarbara-morganballad-3a264c5f" start="1684596913263" dump="1684596919698"/><sessioninfo id="taxibarbara-morganballad-6e2ea15f" start="1684596930862" dump="1684596933706"/><sessioninfo id="taxibarbara-morganballad-ba680ac0" start="1684596941340" dump="1684596947218"/><sessioninfo id="taxibarbara-morganballad-9bc5db21" start="1684596964291" dump="1684596966910"/><sessioninfo id="taxibarbara-morganballad-bd83cb2b" start="1684596974119" dump="1684596979880"/><sessioninfo id="taxibarbara-morganballad-a0841c75" start="1684597010204" dump="1684597012786"/><sessioninfo id="taxibarbara-morganballad-c38f7937" start="1684597019631" dump="1684597024995"/><sessioninfo id="taxibarbara-morganballad-d5e94cfd" start="1685443437706" dump="1685443440818"/><sessioninfo id="taxibarbara-morganballad-1ffe78cc" start="1685443448066" dump="1685443454476"/><sessioninfo id="taxibarbara-morganballad-7238a2db" start="1685443828642" dump="1685443831686"/><sessioninfo id="taxibarbara-morganballad-6af6d238" start="1685443838455" dump="1685443844541"/><sessioninfo id="taxibarbara-morganballad-ae071ba0" start="1685443896042" dump="1685443899051"/><sessioninfo id="taxibarbara-morganballad-201be29b" start="1685443905949" dump="1685443912527"/><sessioninfo id="taxibarbara-morganballad-a5f224d3" start="1685444028168" dump="1685444031162"/><sessioninfo id="taxibarbara-morganballad-ad3c1b78" start="1685444037781" dump="1685444044114"/><sessioninfo id="taxibarbara-morganballad-e4351f0c" start="1685444130868" dump="1685444133732"/><sessioninfo id="taxibarbara-morganballad-15965765" start="1685444140128" dump="1685444144921"/><sessioninfo id="taxibarbara-morganballad-2b691dac" start="1685444306272" dump="1685444309195"/><sessioninfo id="taxibarbara-morganballad-699a7302" start="1685444316082" dump="1685444322005"/><sessioninfo id="taxibarbara-morganballad-d2dc4a68" start="1685444403591" dump="1685444406516"/><sessioninfo id="taxibarbara-morganballad-1b46d628" start="1685444413195" dump="1685444418616"/><sessioninfo id="taxibarbara-morganballad-13a54df7" start="1685444478764" dump="1685444481677"/><sessioninfo id="taxibarbara-morganballad-69173479" start="1685444488380" dump="1685444493332"/><sessioninfo id="taxibarbara-morganballad-71a2761" start="1685444557169" dump="1685444560260"/><sessioninfo id="taxibarbara-morganballad-6394474d" start="1685444567031" dump="1685444571481"/><sessioninfo id="taxibarbara-morganballad-707cd327" start="1685444880828" dump="1685444884887"/><sessioninfo id="taxibarbara-morganballad-60997815" start="1685444892116" dump="1685444899438"/><sessioninfo id="taxibarbara-morganballad-5c3adbad" start="1685444957229" dump="1685444960006"/><sessioninfo id="taxibarbara-morganballad-3549735d" start="1685444966912" dump="1685444973016"/><sessioninfo id="taxibarbara-morganballad-4ede1bbd" start="1685445027375" dump="1685445030179"/><sessioninfo id="taxibarbara-morganballad-ad69717c" start="1685445037539" dump="1685445043499"/><sessioninfo id="taxibarbara-morganballad-5da0eaff" start="1685445101056" dump="1685445103718"/><sessioninfo id="taxibarbara-morganballad-600ae4d8" start="1685445111881" dump="1685445118249"/><sessioninfo id="taxibarbara-morganballad-7de21aca" start="1685445135258" dump="1685445137903"/><sessioninfo id="taxibarbara-morganballad-c5b94cbf" start="1685445145423" dump="1685445151738"/><sessioninfo id="taxibarbara-morganballad-1516ae79" start="1685445413711" dump="1685445416695"/><sessioninfo id="taxibarbara-morganballad-8c9d688e" start="1685445423500" dump="1685445434483"/><sessioninfo id="taxibarbara-morganballad-c7529bf3" start="1685445456836" dump="1685445460012"/><sessioninfo id="taxibarbara-morganballad-38bc219d" start="1685445466742" dump="1685445472601"/><sessioninfo id="taxibarbara-morganballad-23fdf204" start="1685445488527" dump="1685445491498"/><sessioninfo id="taxibarbara-morganballad-eb4865cf" start="1685445498149" dump="1685445505174"/><sessioninfo id="taxibarbara-morganballad-7a131921" start="1685445528333" dump="1685445531250"/><sessioninfo id="taxibarbara-morganballad-5eabb646" start="1685445538020" dump="1685445545444"/><sessioninfo id="taxibarbara-morganballad-29248733" start="1685445555843" dump="1685445558861"/><sessioninfo id="taxibarbara-morganballad-e126b152" start="1685445566847" dump="1685445573022"/><sessioninfo id="taxibarbara-morganballad-1a72ec6c" start="1685445597752" dump="1685445600682"/><sessioninfo id="taxibarbara-morganballad-e1d15e75" start="1685445607768" dump="1685445615512"/><sessioninfo id="taxibarbara-morganballad-7cbcd90d" start="1685445651265" dump="1685445653999"/><sessioninfo id="taxibarbara-morganballad-cf28982" start="1685445662393" dump="1685445667751"/><sessioninfo id="taxibarbara-morganballad-7d0fe813" start="1685445772148" dump="1685445775201"/><sessioninfo id="taxibarbara-morganballad-1f1b3c37" start="1685445782874" dump="1685445790453"/><sessioninfo id="taxibarbara-morganballad-a3580e8e" start="1685445818733" dump="1685445821719"/><sessioninfo id="taxibarbara-morganballad-d64740a2" start="1685445828628" dump="1685445835395"/><sessioninfo id="taxibarbara-morganballad-b2939ea5" start="1685551134995" dump="1685551137992"/><sessioninfo id="taxibarbara-morganballad-923fa916" start="1685551146059" dump="1685551151797"/><sessioninfo id="taxibarbara-morganballad-f0e13060" start="1685551192751" dump="1685551195389"/><sessioninfo id="taxibarbara-morganballad-bf376a05" start="1685551201932" dump="1685551206841"/><sessioninfo id="taxibarbara-morganballad-501da056" start="1685551393696" dump="1685551396792"/><sessioninfo id="taxibarbara-morganballad-ebb44039" start="1685551403469" dump="1685551407645"/><sessioninfo id="taxibarbara-morganballad-1284cd06" start="1685551626896" dump="1685551630888"/><sessioninfo id="taxibarbara-morganballad-27938055" start="1685551639637" dump="1685551644082"/><sessioninfo id="taxibarbara-morganballad-d83b4626" start="1685551734527" dump="1685551737235"/><sessioninfo id="taxibarbara-morganballad-2ca3ea83" start="1685551744246" dump="1685551749086"/><sessioninfo id="taxibarbara-morganballad-fd6d2c8e" start="1685551953631" dump="1685551957165"/><sessioninfo id="taxibarbara-morganballad-abccd43d" start="1685551965840" dump="1685551971047"/><sessioninfo id="taxibarbara-morganballad-a598f06a" start="1685552153182" dump="1685552156218"/><sessioninfo id="taxibarbara-morganballad-3708e2d7" start="1685552163207" dump="1685552167976"/><sessioninfo id="taxibarbara-morganballad-d245c86e" start="1685552369258" dump="1685552372003"/><sessioninfo id="taxibarbara-morganballad-8be94837" start="1685552379004" dump="1685552383991"/><sessioninfo id="taxibarbara-morganballad-333cdbc5" start="1685552565659" dump="1685552568527"/><sessioninfo id="taxibarbara-morganballad-7856d3b6" start="1685552576456" dump="1685552582381"/><sessioninfo id="taxibarbara-morganballad-f7fbe6bf" start="1685552919781" dump="1685552922599"/><sessioninfo id="taxibarbara-morganballad-c9c18f95" start="1685552930276" dump="1685552937118"/><sessioninfo id="taxibarbara-morganballad-86e466f1" start="1685554181179" dump="1685554183790"/><sessioninfo id="taxibarbara-morganballad-5a43f5f3" start="1685554190267" dump="1685554195906"/><sessioninfo id="taxibarbara-morganballad-7db204f0" start="1685554478948" dump="1685554482375"/><sessioninfo id="taxibarbara-morganballad-35816419" start="1685554490273" dump="1685554495167"/><sessioninfo id="taxibarbara-morganballad-a7ce3547" start="1685554614135" dump="1685554616997"/><sessioninfo id="taxibarbara-morganballad-9aba4b5d" start="1685554623799" dump="1685554629431"/><sessioninfo id="taxibarbara-morganballad-b0c4c1d5" start="1685554728356" dump="1685554731230"/><sessioninfo id="taxibarbara-morganballad-beef3531" start="1685554738279" dump="1685554745034"/><sessioninfo id="taxibarbara-morganballad-be08f6de" start="1685554817906" dump="1685554820647"/><sessioninfo id="taxibarbara-morganballad-eab3aa50" start="1685554827137" dump="1685554833241"/><sessioninfo id="taxibarbara-morganballad-6ce0e69b" start="1685555380983" dump="1685555384613"/><sessioninfo id="taxibarbara-morganballad-5c120233" start="1685555458636" dump="1685555461455"/><sessioninfo id="taxibarbara-morganballad-a884958b" start="1685555538713" dump="1685555541746"/><sessioninfo id="taxibarbara-morganballad-592e18de" start="1685555748137" dump="1685555750995"/><sessioninfo id="taxibarbara-morganballad-6d1d39b6" start="1685555757828" dump="1685555763190"/><package name="com/parkit/parkingsystem/service"><class name="com/parkit/parkingsystem/service/FareCalculatorService" sourcefilename="FareCalculatorService.java"><method name="&lt;init&gt;" desc="()V" line="6"><counter type="INSTRUCTION" missed="0" covered="3"/><counter type="LINE" missed="0" covered="1"/><counter type="COMPLEXITY" missed="0" covered="1"/><counter type="METHOD" missed="0" covered="1"/></method><method name="calculateFare" desc="(Lcom/parkit/parkingsystem/model/Ticket;Ljava/lang/Boolean;)V" line="10"><counter type="INSTRUCTION" missed="8" covered="120"/><counter type="BRANCH" missed="2" covered="15"/><counter type="LINE" missed="2" covered="26"/><counter type="COMPLEXITY" missed="2" covered="8"/><counter type="METHOD" missed="0" covered="1"/></method><method name="calculateFare" desc="(Lcom/parkit/parkingsystem/model/Ticket;)V" line="64"><counter type="INSTRUCTION" missed="0" covered="6"/><counter type="LINE" missed="0" covered="2"/><counter type="COMPLEXITY" missed="0" covered="1"/><counter type="METHOD" missed="0" covered="1"/></method><counter type="INSTRUCTION" missed="8" covered="129"/><counter type="BRANCH" missed="2" covered="15"/><counter type="LINE" missed="2" covered="29"/><counter type="COMPLEXITY" missed="2" covered="10"/><counter type="METHOD" missed="0" covered="3"/><counter type="CLASS" missed="0" covered="1"/></class><class name="com/parkit/parkingsystem/service/ParkingService" sourcefilename="ParkingService.java"><method name="&lt;init&gt;" desc="(Lcom/parkit/parkingsystem/util/InputReaderUtil;Lcom/parkit/parkingsystem/dao/ParkingSpotDAO;Lcom/parkit/parkingsystem/dao/TicketDAO;)V" line="24"><counter type="INSTRUCTION" missed="0" covered="12"/><counter type="LINE" missed="0" covered="5"/><counter type="COMPLEXITY" missed="0" covered="1"/><counter type="METHOD" missed="0" covered="1"/></method><method name="processIncomingVehicle" desc="()V" line="32"><counter type="INSTRUCTION" missed="5" covered="65"/><counter type="BRANCH" missed="2" covered="2"/><counter type="LINE" missed="2" covered="19"/><counter type="COMPLEXITY" missed="2" covered="1"/><counter type="METHOD" missed="0" covered="1"/></method><method name="getVehichleRegNumber" desc="()Ljava/lang/String;" line="59"><counter type="INSTRUCTION" missed="0" covered="7"/><counter type="LINE" missed="0" covered="2"/><counter type="COMPLEXITY" missed="0" covered="1"/><counter type="METHOD" missed="0" covered="1"/></method><method name="getNextParkingNumberIfAvailable" desc="()Lcom/parkit/parkingsystem/model/ParkingSpot;" line="64"><counter type="INSTRUCTION" missed="0" covered="41"/><counter type="BRANCH" missed="0" covered="2"/><counter type="LINE" missed="0" covered="13"/><counter type="COMPLEXITY" missed="0" covered="2"/><counter type="METHOD" missed="0" covered="1"/></method><method name="getVehichleType" desc="()Lcom/parkit/parkingsystem/constants/ParkingType;" line="83"><counter type="INSTRUCTION" missed="2" covered="25"/><counter type="BRANCH" missed="1" covered="2"/><counter type="LINE" missed="1" covered="8"/><counter type="COMPLEXITY" missed="1" covered="2"/><counter type="METHOD" missed="0" covered="1"/></method><method name="processExitingVehicle" desc="()V" line="103"><counter type="INSTRUCTION" missed="9" covered="74"/><counter type="BRANCH" missed="2" covered="2"/><counter type="LINE" missed="2" covered="20"/><counter type="COMPLEXITY" missed="2" covered="1"/><counter type="METHOD" missed="0" covered="1"/></method><method name="&lt;clinit&gt;" desc="()V" line="16"><counter type="INSTRUCTION" missed="0" covered="8"/><counter type="LINE" missed="0" covered="2"/><counter type="COMPLEXITY" missed="0" covered="1"/><counter type="METHOD" missed="0" covered="1"/></method><counter type="INSTRUCTION" missed="16" covered="232"/><counter type="BRANCH" missed="5" covered="8"/><counter type="LINE" missed="5" covered="69"/><counter type="COMPLEXITY" missed="5" covered="9"/><counter type="METHOD" missed="0" covered="7"/><counter type="CLASS" missed="0" covered="1"/></class><class name="com/parkit/parkingsystem/service/InteractiveShell" sourcefilename="InteractiveShell.java"><method name="&lt;init&gt;" desc="()V" line="9"><counter type="INSTRUCTION" missed="3" covered="0"/><counter type="LINE" missed="1" covered="0"/><counter type="COMPLEXITY" missed="1" covered="0"/><counter type="METHOD" missed="1" covered="0"/></method><method name="loadInterface" desc="()V" line="14"><counter type="INSTRUCTION" missed="52" covered="0"/><counter type="BRANCH" missed="6" covered="0"/><counter type="LINE" missed="21" covered="0"/><counter type="COMPLEXITY" missed="5" covered="0"/><counter type="METHOD" missed="1" covered="0"/></method><method name="loadMenu" desc="()V" line="46"><counter type="INSTRUCTION" missed="13" covered="0"/><counter type="LINE" missed="5" covered="0"/><counter type="COMPLEXITY" missed="1" covered="0"/><counter type="METHOD" missed="1" covered="0"/></method><method name="&lt;clinit&gt;" desc="()V" line="11"><counter type="INSTRUCTION" missed="4" covered="0"/><counter type="LINE" missed="1" covered="0"/><counter type="COMPLEXITY" missed="1" covered="0"/><counter type="METHOD" missed="1" covered="0"/></method><counter type="INSTRUCTION" missed="72" covered="0"/><counter type="BRANCH" missed="6" covered="0"/><counter type="LINE" missed="28" covered="0"/><counter type="COMPLEXITY" missed="8" covered="0"/><counter type="METHOD" missed="4" covered="0"/><counter type="CLASS" missed="1" covered="0"/></class><sourcefile name="ParkingService.java"><line nr="16" mi="0" ci="3" mb="0" cb="0"/><line nr="18" mi="0" ci="5" mb="0" cb="0"/><line nr="24" mi="0" ci="2" mb="0" cb="0"/><line nr="25" mi="0" ci="3" mb="0" cb="0"/><line nr="26" mi="0" ci="3" mb="0" cb="0"/><line nr="27" mi="0" ci="3" mb="0" cb="0"/><line nr="28" mi="0" ci="1" mb="0" cb="0"/><line nr="32" mi="0" ci="3" mb="0" cb="0"/><line nr="33" mi="0" ci="3" mb="0" cb="0"/><line nr="34" mi="0" ci="5" mb="2" cb="2"/><line nr="35" mi="0" ci="3" mb="0" cb="0"/><line nr="36" mi="0" ci="3" mb="0" cb="0"/><line nr="37" mi="0" ci="5" mb="0" cb="0"/><line nr="39" mi="0" ci="4" mb="0" cb="0"/><line nr="40" mi="0" ci="4" mb="0" cb="0"/><line nr="43" mi="0" ci="3" mb="0" cb="0"/><line nr="44" mi="0" ci="3" mb="0" cb="0"/><line nr="45" mi="0" ci="3" mb="0" cb="0"/><line nr="46" mi="0" ci="3" mb="0" cb="0"/><line nr="47" mi="0" ci="3" mb="0" cb="0"/><line nr="48" mi="0" ci="5" mb="0" cb="0"/><line nr="49" mi="0" ci="3" mb="0" cb="0"/><line nr="50" mi="0" ci="5" mb="0" cb="0"/><line nr="51" mi="0" ci="5" mb="0" cb="0"/><line nr="53" mi="1" ci="0" mb="0" cb="0"/><line nr="54" mi="4" ci="0" mb="0" cb="0"/><line nr="55" mi="0" ci="1" mb="0" cb="0"/><line nr="56" mi="0" ci="1" mb="0" cb="0"/><line nr="59" mi="0" ci="3" mb="0" cb="0"/><line nr="60" mi="0" ci="4" mb="0" cb="0"/><line nr="64" mi="0" ci="2" mb="0" cb="0"/><line nr="65" mi="0" ci="2" mb="0" cb="0"/><line nr="67" mi="0" ci="3" mb="0" cb="0"/><line nr="68" mi="0" ci="5" mb="0" cb="0"/><line nr="69" mi="0" ci="2" mb="0" cb="2"/><line nr="70" mi="0" ci="8" mb="0" cb="0"/><line nr="72" mi="0" ci="5" mb="0" cb="0"/><line nr="74" mi="0" ci="1" mb="0" cb="0"/><line nr="75" mi="0" ci="4" mb="0" cb="0"/><line nr="76" mi="0" ci="1" mb="0" cb="0"/><line nr="77" mi="0" ci="4" mb="0" cb="0"/><line nr="78" mi="0" ci="2" mb="0" cb="0"/><line nr="79" mi="0" ci="2" mb="0" cb="0"/><line nr="83" mi="0" ci="3" mb="0" cb="0"/><line nr="84" mi="0" ci="3" mb="0" cb="0"/><line nr="85" mi="0" ci="3" mb="0" cb="0"/><line nr="86" mi="0" ci="4" mb="0" cb="0"/><line nr="87" mi="0" ci="2" mb="1" cb="2"/><line nr="89" mi="0" ci="2" mb="0" cb="0"/><line nr="92" mi="2" ci="0" mb="0" cb="0"/><line nr="95" mi="0" ci="3" mb="0" cb="0"/><line nr="96" mi="0" ci="5" mb="0" cb="0"/><line nr="103" mi="0" ci="3" mb="0" cb="0"/><line nr="104" mi="0" ci="5" mb="0" cb="0"/><line nr="105" mi="0" ci="4" mb="0" cb="0"/><line nr="106" mi="0" ci="3" mb="0" cb="0"/><line nr="107" mi="0" ci="6" mb="0" cb="0"/><line nr="108" mi="0" ci="3" mb="1" cb="1"/><line nr="109" mi="6" ci="0" mb="0" cb="0"/><line nr="111" mi="0" ci="5" mb="0" cb="0"/><line nr="114" mi="0" ci="5" mb="1" cb="1"/><line nr="115" mi="0" ci="3" mb="0" cb="0"/><line nr="116" mi="0" ci="3" mb="0" cb="0"/><line nr="117" mi="0" ci="5" mb="0" cb="0"/><line nr="118" mi="0" ci="5" mb="0" cb="0"/><line nr="119" mi="0" ci="5" mb="0" cb="0"/><line nr="120" mi="0" ci="5" mb="0" cb="0"/><line nr="121" mi="0" ci="6" mb="0" cb="0"/><line nr="122" mi="0" ci="1" mb="0" cb="0"/><line nr="123" mi="3" ci="0" mb="0" cb="0"/><line nr="125" mi="0" ci="1" mb="0" cb="0"/><line nr="126" mi="0" ci="4" mb="0" cb="0"/><line nr="127" mi="0" ci="1" mb="0" cb="0"/><line nr="128" mi="0" ci="1" mb="0" cb="0"/><counter type="INSTRUCTION" missed="16" covered="232"/><counter type="BRANCH" missed="5" covered="8"/><counter type="LINE" missed="5" covered="69"/><counter type="COMPLEXITY" missed="5" covered="9"/><counter type="METHOD" missed="0" covered="7"/><counter type="CLASS" missed="0" covered="1"/></sourcefile><sourcefile name="InteractiveShell.java"><line nr="9" mi="3" ci="0" mb="0" cb="0"/><line nr="11" mi="4" ci="0" mb="0" cb="0"/><line nr="14" mi="3" ci="0" mb="0" cb="0"/><line nr="15" mi="3" ci="0" mb="0" cb="0"/><line nr="17" mi="2" ci="0" mb="0" cb="0"/><line nr="18" mi="4" ci="0" mb="0" cb="0"/><line nr="19" mi="4" ci="0" mb="0" cb="0"/><line nr="20" mi="4" ci="0" mb="0" cb="0"/><line nr="21" mi="7" ci="0" mb="0" cb="0"/><line nr="23" mi="2" ci="0" mb="2" cb="0"/><line nr="24" mi="1" ci="0" mb="0" cb="0"/><line nr="25" mi="3" ci="0" mb="0" cb="0"/><line nr="26" mi="2" ci="0" mb="4" cb="0"/><line nr="28" mi="2" ci="0" mb="0" cb="0"/><line nr="29" mi="1" ci="0" mb="0" cb="0"/><line nr="32" mi="2" ci="0" mb="0" cb="0"/><line nr="33" mi="1" ci="0" mb="0" cb="0"/><line nr="36" mi="3" ci="0" mb="0" cb="0"/><line nr="37" mi="2" ci="0" mb="0" cb="0"/><line nr="38" mi="1" ci="0" mb="0" cb="0"/><line nr="40" mi="3" ci="0" mb="0" cb="0"/><line nr="42" mi="1" ci="0" mb="0" cb="0"/><line nr="43" mi="1" ci="0" mb="0" cb="0"/><line nr="46" mi="3" ci="0" mb="0" cb="0"/><line nr="47" mi="3" ci="0" mb="0" cb="0"/><line nr="48" mi="3" ci="0" mb="0" cb="0"/><line nr="49" mi="3" ci="0" mb="0" cb="0"/><line nr="50" mi="1" ci="0" mb="0" cb="0"/><counter type="INSTRUCTION" missed="72" covered="0"/><counter type="BRANCH" missed="6" covered="0"/><counter type="LINE" missed="28" covered="0"/><counter type="COMPLEXITY" missed="8" covered="0"/><counter type="METHOD" missed="4" covered="0"/><counter type="CLASS" missed="1" covered="0"/></sourcefile><sourcefile name="FareCalculatorService.java"><line nr="6" mi="0" ci="3" mb="0" cb="0"/><line nr="10" mi="0" ci="9" mb="1" cb="3"/><line nr="11" mi="0" ci="8" mb="0" cb="0"/><line nr="14" mi="0" ci="5" mb="0" cb="0"/><line nr="15" mi="0" ci="5" mb="0" cb="0"/><line nr="16" mi="0" ci="11" mb="0" cb="0"/><line nr="18" mi="0" ci="4" mb="0" cb="2"/><line nr="19" mi="0" ci="5" mb="0" cb="0"/><line nr="22" mi="0" ci="7" mb="1" cb="2"/><line nr="25" mi="0" ci="4" mb="0" cb="2"/><line nr="26" mi="0" ci="4" mb="0" cb="2"/><line nr="27" mi="0" ci="4" mb="0" cb="0"/><line nr="28" mi="0" ci="7" mb="0" cb="0"/><line nr="29" mi="0" ci="1" mb="0" cb="0"/><line nr="30" mi="0" ci="5" mb="0" cb="0"/><line nr="33" mi="0" ci="6" mb="0" cb="0"/><line nr="37" mi="0" ci="3" mb="0" cb="0"/><line nr="39" mi="0" ci="1" mb="0" cb="0"/><line nr="43" mi="0" ci="4" mb="0" cb="2"/><line nr="44" mi="0" ci="4" mb="0" cb="2"/><line nr="45" mi="0" ci="4" mb="0" cb="0"/><line nr="46" mi="0" ci="7" mb="0" cb="0"/><line nr="47" mi="0" ci="1" mb="0" cb="0"/><line nr="48" mi="0" ci="6" mb="0" cb="0"/><line nr="51" mi="0" ci="3" mb="0" cb="0"/><line nr="53" mi="0" ci="1" mb="0" cb="0"/><line nr="56" mi="3" ci="0" mb="0" cb="0"/><line nr="57" mi="5" ci="0" mb="0" cb="0"/><line nr="61" mi="0" ci="1" mb="0" cb="0"/><line nr="64" mi="0" ci="5" mb="0" cb="0"/><line nr="65" mi="0" ci="1" mb="0" cb="0"/><counter type="INSTRUCTION" missed="8" covered="129"/><counter type="BRANCH" missed="2" covered="15"/><counter type="LINE" missed="2" covered="29"/><counter type="COMPLEXITY" missed="2" covered="10"/><counter type="METHOD" missed="0" covered="3"/><counter type="CLASS" missed="0" covered="1"/></sourcefile><counter type="INSTRUCTION" missed="96" covered="361"/><counter type="BRANCH" missed="13" covered="23"/><counter type="LINE" missed="35" covered="98"/><counter type="COMPLEXITY" missed="15" covered="19"/><counter type="METHOD" missed="4" covered="10"/><counter type="CLASS" missed="1" covered="2"/></package><package name="com/parkit/parkingsystem"><class name="com/parkit/parkingsystem/App" sourcefilename="App.java"><method name="&lt;init&gt;" desc="()V" line="7"><counter type="INSTRUCTION" missed="3" covered="0"/><counter type="LINE" missed="1" covered="0"/><counter type="COMPLEXITY" missed="1" covered="0"/><counter type="METHOD" missed="1" covered="0"/></method><method name="main" desc="([Ljava/lang/String;)V" line="10"><counter type="INSTRUCTION" missed="5" covered="0"/><counter type="LINE" missed="3" covered="0"/><counter type="COMPLEXITY" missed="1" covered="0"/><counter type="METHOD" missed="1" covered="0"/></method><method name="&lt;clinit&gt;" desc="()V" line="8"><counter type="INSTRUCTION" missed="4" covered="0"/><counter type="LINE" missed="1" covered="0"/><counter type="COMPLEXITY" missed="1" covered="0"/><counter type="METHOD" missed="1" covered="0"/></method><counter type="INSTRUCTION" missed="12" covered="0"/><counter type="LINE" missed="5" covered="0"/><counter type="COMPLEXITY" missed="3" covered="0"/><counter type="METHOD" missed="3" covered="0"/><counter type="CLASS" missed="1" covered="0"/></class><sourcefile name="App.java"><line nr="7" mi="3" ci="0" mb="0" cb="0"/><line nr="8" mi="4" ci="0" mb="0" cb="0"/><line nr="10" mi="3" ci="0" mb="0" cb="0"/><line nr="11" mi="1" ci="0" mb="0" cb="0"/><line nr="12" mi="1" ci="0" mb="0" cb="0"/><counter type="INSTRUCTION" missed="12" covered="0"/><counter type="LINE" missed="5" covered="0"/><counter type="COMPLEXITY" missed="3" covered="0"/><counter type="METHOD" missed="3" covered="0"/><counter type="CLASS" missed="1" covered="0"/></sourcefile><counter type="INSTRUCTION" missed="12" covered="0"/><counter type="LINE" missed="5" covered="0"/><counter type="COMPLEXITY" missed="3" covered="0"/><counter type="METHOD" missed="3" covered="0"/><counter type="CLASS" missed="1" covered="0"/></package><package name="com/parkit/parkingsystem/model"><class name="com/parkit/parkingsystem/model/ParkingSpot" sourcefilename="ParkingSpot.java"><method name="&lt;init&gt;" desc="(ILcom/parkit/parkingsystem/constants/ParkingType;Z)V" line="10"><counter type="INSTRUCTION" missed="0" covered="12"/><counter type="LINE" missed="0" covered="5"/><counter type="COMPLEXITY" missed="0" covered="1"/><counter type="METHOD" missed="0" covered="1"/></method><method name="getId" desc="()I" line="17"><counter type="INSTRUCTION" missed="0" covered="3"/><counter type="LINE" missed="0" covered="1"/><counter type="COMPLEXITY" missed="0" covered="1"/><counter type="METHOD" missed="0" covered="1"/></method><method name="setId" desc="(I)V" line="21"><counter type="INSTRUCTION" missed="0" covered="4"/><counter type="LINE" missed="0" covered="2"/><counter type="COMPLEXITY" missed="0" covered="1"/><counter type="METHOD" missed="0" covered="1"/></method><method name="getParkingType" desc="()Lcom/parkit/parkingsystem/constants/ParkingType;" line="25"><counter type="INSTRUCTION" missed="0" covered="3"/><counter type="LINE" missed="0" covered="1"/><counter type="COMPLEXITY" missed="0" covered="1"/><counter type="METHOD" missed="0" covered="1"/></method><method name="setParkingType" desc="(Lcom/parkit/parkingsystem/constants/ParkingType;)V" line="29"><counter type="INSTRUCTION" missed="4" covered="0"/><counter type="LINE" missed="2" covered="0"/><counter type="COMPLEXITY" missed="1" covered="0"/><counter type="METHOD" missed="1" covered="0"/></method><method name="isAvailable" desc="()Z" line="33"><counter type="INSTRUCTION" missed="0" covered="3"/><counter type="LINE" missed="0" covered="1"/><counter type="COMPLEXITY" missed="0" covered="1"/><counter type="METHOD" missed="0" covered="1"/></method><method name="setAvailable" desc="(Z)V" line="37"><counter type="INSTRUCTION" missed="0" covered="4"/><counter type="LINE" missed="0" covered="2"/><counter type="COMPLEXITY" missed="0" covered="1"/><counter type="METHOD" missed="0" covered="1"/></method><counter type="INSTRUCTION" missed="4" covered="29"/><counter type="LINE" missed="2" covered="12"/><counter type="COMPLEXITY" missed="1" covered="6"/><counter type="METHOD" missed="1" covered="6"/><counter type="CLASS" missed="0" covered="1"/></class><class name="com/parkit/parkingsystem/model/Ticket" sourcefilename="Ticket.java"><method name="&lt;init&gt;" desc="()V" line="6"><counter type="INSTRUCTION" missed="0" covered="3"/><counter type="LINE" missed="0" covered="1"/><counter type="COMPLEXITY" missed="0" covered="1"/><counter type="METHOD" missed="0" covered="1"/></method><method name="getId" desc="()I" line="15"><counter type="INSTRUCTION" missed="0" covered="3"/><counter type="LINE" missed="0" covered="1"/><counter type="COMPLEXITY" missed="0" covered="1"/><counter type="METHOD" missed="0" covered="1"/></method><method name="setId" desc="(I)V" line="19"><counter type="INSTRUCTION" missed="0" covered="4"/><counter type="LINE" missed="0" covered="2"/><counter type="COMPLEXITY" missed="0" covered="1"/><counter type="METHOD" missed="0" covered="1"/></method><method name="getParkingSpot" desc="()Lcom/parkit/parkingsystem/model/ParkingSpot;" line="23"><counter type="INSTRUCTION" missed="0" covered="3"/><counter type="LINE" missed="0" covered="1"/><counter type="COMPLEXITY" missed="0" covered="1"/><counter type="METHOD" missed="0" covered="1"/></method><method name="setParkingSpot" desc="(Lcom/parkit/parkingsystem/model/ParkingSpot;)V" line="27"><counter type="INSTRUCTION" missed="0" covered="4"/><counter type="LINE" missed="0" covered="2"/><counter type="COMPLEXITY" missed="0" covered="1"/><counter type="METHOD" missed="0" covered="1"/></method><method name="getVehicleRegNumber" desc="()Ljava/lang/String;" line="31"><counter type="INSTRUCTION" missed="0" covered="3"/><counter type="LINE" missed="0" covered="1"/><counter type="COMPLEXITY" missed="0" covered="1"/><counter type="METHOD" missed="0" covered="1"/></method><method name="setVehicleRegNumber" desc="(Ljava/lang/String;)V" line="35"><counter type="INSTRUCTION" missed="0" covered="4"/><counter type="LINE" missed="0" covered="2"/><counter type="COMPLEXITY" missed="0" covered="1"/><counter type="METHOD" missed="0" covered="1"/></method><method name="getPrice" desc="()D" line="39"><counter type="INSTRUCTION" missed="0" covered="3"/><counter type="LINE" missed="0" covered="1"/><counter type="COMPLEXITY" missed="0" covered="1"/><counter type="METHOD" missed="0" covered="1"/></method><method name="setPrice" desc="(D)V" line="43"><counter type="INSTRUCTION" missed="0" covered="4"/><counter type="LINE" missed="0" covered="2"/><counter type="COMPLEXITY" missed="0" covered="1"/><counter type="METHOD" missed="0" covered="1"/></method><method name="getInTime" desc="()Ljava/util/Date;" line="47"><counter type="INSTRUCTION" missed="0" covered="3"/><counter type="LINE" missed="0" covered="1"/><counter type="COMPLEXITY" missed="0" covered="1"/><counter type="METHOD" missed="0" covered="1"/></method><method name="setInTime" desc="(Ljava/util/Date;)V" line="51"><counter type="INSTRUCTION" missed="0" covered="4"/><counter type="LINE" missed="0" covered="2"/><counter type="COMPLEXITY" missed="0" covered="1"/><counter type="METHOD" missed="0" covered="1"/></method><method name="getOutTime" desc="()Ljava/util/Date;" line="55"><counter type="INSTRUCTION" missed="0" covered="3"/><counter type="LINE" missed="0" covered="1"/><counter type="COMPLEXITY" missed="0" covered="1"/><counter type="METHOD" missed="0" covered="1"/></method><method name="setOutTime" desc="(Ljava/util/Date;)V" line="59"><counter type="INSTRUCTION" missed="0" covered="4"/><counter type="LINE" missed="0" covered="2"/><counter type="COMPLEXITY" missed="0" covered="1"/><counter type="METHOD" missed="0" covered="1"/></method><counter type="INSTRUCTION" missed="0" covered="45"/><counter type="LINE" missed="0" covered="19"/><counter type="COMPLEXITY" missed="0" covered="13"/><counter type="METHOD" missed="0" covered="13"/><counter type="CLASS" missed="0" covered="1"/></class><sourcefile name="Ticket.java"><line nr="6" mi="0" ci="3" mb="0" cb="0"/><line nr="15" mi="0" ci="3" mb="0" cb="0"/><line nr="19" mi="0" ci="3" mb="0" cb="0"/><line nr="20" mi="0" ci="1" mb="0" cb="0"/><line nr="23" mi="0" ci="3" mb="0" cb="0"/><line nr="27" mi="0" ci="3" mb="0" cb="0"/><line nr="28" mi="0" ci="1" mb="0" cb="0"/><line nr="31" mi="0" ci="3" mb="0" cb="0"/><line nr="35" mi="0" ci="3" mb="0" cb="0"/><line nr="36" mi="0" ci="1" mb="0" cb="0"/><line nr="39" mi="0" ci="3" mb="0" cb="0"/><line nr="43" mi="0" ci="3" mb="0" cb="0"/><line nr="44" mi="0" ci="1" mb="0" cb="0"/><line nr="47" mi="0" ci="3" mb="0" cb="0"/><line nr="51" mi="0" ci="3" mb="0" cb="0"/><line nr="52" mi="0" ci="1" mb="0" cb="0"/><line nr="55" mi="0" ci="3" mb="0" cb="0"/><line nr="59" mi="0" ci="3" mb="0" cb="0"/><line nr="60" mi="0" ci="1" mb="0" cb="0"/><counter type="INSTRUCTION" missed="0" covered="45"/><counter type="LINE" missed="0" covered="19"/><counter type="COMPLEXITY" missed="0" covered="13"/><counter type="METHOD" missed="0" covered="13"/><counter type="CLASS" missed="0" covered="1"/></sourcefile><sourcefile name="ParkingSpot.java"><line nr="10" mi="0" ci="2" mb="0" cb="0"/><line nr="11" mi="0" ci="3" mb="0" cb="0"/><line nr="12" mi="0" ci="3" mb="0" cb="0"/><line nr="13" mi="0" ci="3" mb="0" cb="0"/><line nr="14" mi="0" ci="1" mb="0" cb="0"/><line nr="17" mi="0" ci="3" mb="0" cb="0"/><line nr="21" mi="0" ci="3" mb="0" cb="0"/><line nr="22" mi="0" ci="1" mb="0" cb="0"/><line nr="25" mi="0" ci="3" mb="0" cb="0"/><line nr="29" mi="3" ci="0" mb="0" cb="0"/><line nr="30" mi="1" ci="0" mb="0" cb="0"/><line nr="33" mi="0" ci="3" mb="0" cb="0"/><line nr="37" mi="0" ci="3" mb="0" cb="0"/><line nr="38" mi="0" ci="1" mb="0" cb="0"/><counter type="INSTRUCTION" missed="4" covered="29"/><counter type="LINE" missed="2" covered="12"/><counter type="COMPLEXITY" missed="1" covered="6"/><counter type="METHOD" missed="1" covered="6"/><counter type="CLASS" missed="0" covered="1"/></sourcefile><counter type="INSTRUCTION" missed="4" covered="74"/><counter type="LINE" missed="2" covered="31"/><counter type="COMPLEXITY" missed="1" covered="19"/><counter type="METHOD" missed="1" covered="19"/><counter type="CLASS" missed="0" covered="2"/></package><package name="com/parkit/parkingsystem/constants"><class name="com/parkit/parkingsystem/constants/Fare" sourcefilename="Fare.java"><method name="&lt;init&gt;" desc="()V" line="3"><counter type="INSTRUCTION" missed="3" covered="0"/><counter type="LINE" missed="1" covered="0"/><counter type="COMPLEXITY" missed="1" covered="0"/><counter type="METHOD" missed="1" covered="0"/></method><counter type="INSTRUCTION" missed="3" covered="0"/><counter type="LINE" missed="1" covered="0"/><counter type="COMPLEXITY" missed="1" covered="0"/><counter type="METHOD" missed="1" covered="0"/><counter type="CLASS" missed="1" covered="0"/></class><class name="com/parkit/parkingsystem/constants/ParkingType" sourcefilename="ParkingType.java"><method name="&lt;clinit&gt;" desc="()V" line="3"><counter type="INSTRUCTION" missed="0" covered="24"/><counter type="LINE" missed="0" covered="3"/><counter type="COMPLEXITY" missed="0" covered="1"/><counter type="METHOD" missed="0" covered="1"/></method><counter type="INSTRUCTION" missed="0" covered="24"/><counter type="LINE" missed="0" covered="3"/><counter type="COMPLEXITY" missed="0" covered="1"/><counter type="METHOD" missed="0" covered="1"/><counter type="CLASS" missed="0" covered="1"/></class><class name="com/parkit/parkingsystem/constants/DBConstants" sourcefilename="DBConstants.java"><method name="&lt;init&gt;" desc="()V" line="3"><counter type="INSTRUCTION" missed="3" covered="0"/><counter type="LINE" missed="1" covered="0"/><counter type="COMPLEXITY" missed="1" covered="0"/><counter type="METHOD" missed="1" covered="0"/></method><counter type="INSTRUCTION" missed="3" covered="0"/><counter type="LINE" missed="1" covered="0"/><counter type="COMPLEXITY" missed="1" covered="0"/><counter type="METHOD" missed="1" covered="0"/><counter type="CLASS" missed="1" covered="0"/></class><sourcefile name="DBConstants.java"><line nr="3" mi="3" ci="0" mb="0" cb="0"/><counter type="INSTRUCTION" missed="3" covered="0"/><counter type="LINE" missed="1" covered="0"/><counter type="COMPLEXITY" missed="1" covered="0"/><counter type="METHOD" missed="1" covered="0"/><counter type="CLASS" missed="1" covered="0"/></sourcefile><sourcefile name="ParkingType.java"><line nr="3" mi="0" ci="12" mb="0" cb="0"/><line nr="4" mi="0" ci="6" mb="0" cb="0"/><line nr="5" mi="0" ci="6" mb="0" cb="0"/><counter type="INSTRUCTION" missed="0" covered="24"/><counter type="LINE" missed="0" covered="3"/><counter type="COMPLEXITY" missed="0" covered="1"/><counter type="METHOD" missed="0" covered="1"/><counter type="CLASS" missed="0" covered="1"/></sourcefile><sourcefile name="Fare.java"><line nr="3" mi="3" ci="0" mb="0" cb="0"/><counter type="INSTRUCTION" missed="3" covered="0"/><counter type="LINE" missed="1" covered="0"/><counter type="COMPLEXITY" missed="1" covered="0"/><counter type="METHOD" missed="1" covered="0"/><counter type="CLASS" missed="1" covered="0"/></sourcefile><counter type="INSTRUCTION" missed="6" covered="24"/><counter type="LINE" missed="2" covered="3"/><counter type="COMPLEXITY" missed="2" covered="1"/><counter type="METHOD" missed="2" covered="1"/><counter type="CLASS" missed="2" covered="1"/></package><package name="com/parkit/parkingsystem/util"><class name="com/parkit/parkingsystem/util/InputReaderUtil" sourcefilename="InputReaderUtil.java"><method name="&lt;init&gt;" desc="()V" line="8"><counter type="INSTRUCTION" missed="3" covered="0"/><counter type="LINE" missed="1" covered="0"/><counter type="COMPLEXITY" missed="1" covered="0"/><counter type="METHOD" missed="1" covered="0"/></method><method name="readSelection" desc="()I" line="15"><counter type="INSTRUCTION" missed="16" covered="0"/><counter type="LINE" missed="6" covered="0"/><counter type="COMPLEXITY" missed="1" covered="0"/><counter type="METHOD" missed="1" covered="0"/></method><method name="readVehicleRegistrationNumber" desc="()Ljava/lang/String;" line="26"><counter type="INSTRUCTION" missed="26" covered="0"/><counter type="BRANCH" missed="4" covered="0"/><counter type="LINE" missed="8" covered="0"/><counter type="COMPLEXITY" missed="3" covered="0"/><counter type="METHOD" missed="1" covered="0"/></method><method name="&lt;clinit&gt;" desc="()V" line="10"><counter type="INSTRUCTION" missed="0" covered="9"/><counter type="LINE" missed="0" covered="2"/><counter type="COMPLEXITY" missed="0" covered="1"/><counter type="METHOD" missed="0" covered="1"/></method><counter type="INSTRUCTION" missed="45" covered="9"/><counter type="BRANCH" missed="4" covered="0"/><counter type="LINE" missed="15" covered="2"/><counter type="COMPLEXITY" missed="5" covered="1"/><counter type="METHOD" missed="3" covered="1"/><counter type="CLASS" missed="0" covered="1"/></class><sourcefile name="InputReaderUtil.java"><line nr="8" mi="3" ci="0" mb="0" cb="0"/><line nr="10" mi="0" ci="5" mb="0" cb="0"/><line nr="11" mi="0" ci="4" mb="0" cb="0"/><line nr="15" mi="4" ci="0" mb="0" cb="0"/><line nr="16" mi="2" ci="0" mb="0" cb="0"/><line nr="17" mi="1" ci="0" mb="0" cb="0"/><line nr="18" mi="4" ci="0" mb="0" cb="0"/><line nr="19" mi="3" ci="0" mb="0" cb="0"/><line nr="20" mi="2" ci="0" mb="0" cb="0"/><line nr="26" mi="3" ci="0" mb="0" cb="0"/><line nr="27" mi="6" ci="0" mb="4" cb="0"/><line nr="28" mi="5" ci="0" mb="0" cb="0"/><line nr="30" mi="2" ci="0" mb="0" cb="0"/><line nr="31" mi="1" ci="0" mb="0" cb="0"/><line nr="32" mi="4" ci="0" mb="0" cb="0"/><line nr="33" mi="3" ci="0" mb="0" cb="0"/><line nr="34" mi="2" ci="0" mb="0" cb="0"/><counter type="INSTRUCTION" missed="45" covered="9"/><counter type="BRANCH" missed="4" covered="0"/><counter type="LINE" missed="15" covered="2"/><counter type="COMPLEXITY" missed="5" covered="1"/><counter type="METHOD" missed="3" covered="1"/><counter type="CLASS" missed="0" covered="1"/></sourcefile><counter type="INSTRUCTION" missed="45" covered="9"/><counter type="BRANCH" missed="4" covered="0"/><counter type="LINE" missed="15" covered="2"/><counter type="COMPLEXITY" missed="5" covered="1"/><counter type="METHOD" missed="3" covered="1"/><counter type="CLASS" missed="0" covered="1"/></package><package name="com/parkit/parkingsystem/dao"><class name="com/parkit/parkingsystem/dao/TicketDAO" sourcefilename="TicketDAO.java"><method name="&lt;init&gt;" desc="()V" line="16"><counter type="INSTRUCTION" missed="0" covered="8"/><counter type="LINE" missed="0" covered="2"/><counter type="COMPLEXITY" missed="0" covered="1"/><counter type="METHOD" missed="0" covered="1"/></method><method name="saveTicket" desc="(Lcom/parkit/parkingsystem/model/Ticket;)Z" line="23"><counter type="INSTRUCTION" missed="24" covered="52"/><counter type="BRANCH" missed="1" covered="1"/><counter type="LINE" missed="2" covered="11"/><counter type="COMPLEXITY" missed="1" covered="1"/><counter type="METHOD" missed="0" covered="1"/></method><method name="getTicket" desc="(Ljava/lang/String;)Lcom/parkit/parkingsystem/model/Ticket;" line="44"><counter type="INSTRUCTION" missed="18" covered="78"/><counter type="BRANCH" missed="1" covered="1"/><counter type="LINE" missed="2" covered="19"/><counter type="COMPLEXITY" missed="1" covered="1"/><counter type="METHOD" missed="0" covered="1"/></method><method name="getTicketOut" desc="(Ljava/lang/String;)Lcom/parkit/parkingsystem/model/Ticket;" line="73"><counter type="INSTRUCTION" missed="18" covered="78"/><counter type="BRANCH" missed="1" covered="1"/><counter type="LINE" missed="2" covered="19"/><counter type="COMPLEXITY" missed="1" covered="1"/><counter type="METHOD" missed="0" covered="1"/></method><method name="updateTicket" desc="(Lcom/parkit/parkingsystem/model/Ticket;)Z" line="102"><counter type="INSTRUCTION" missed="7" covered="40"/><counter type="LINE" missed="3" covered="9"/><counter type="COMPLEXITY" missed="0" covered="1"/><counter type="METHOD" missed="0" covered="1"/></method><method name="getNbTicket" desc="(Ljava/lang/String;)I" line="120"><counter type="INSTRUCTION" missed="18" covered="39"/><counter type="BRANCH" missed="1" covered="1"/><counter type="LINE" missed="2" covered="13"/><counter type="COMPLEXITY" missed="1" covered="1"/><counter type="METHOD" missed="0" covered="1"/></method><method name="&lt;clinit&gt;" desc="()V" line="18"><counter type="INSTRUCTION" missed="0" covered="4"/><counter type="LINE" missed="0" covered="1"/><counter type="COMPLEXITY" missed="0" covered="1"/><counter type="METHOD" missed="0" covered="1"/></method><counter type="INSTRUCTION" missed="85" covered="299"/><counter type="BRANCH" missed="4" covered="4"/><counter type="LINE" missed="11" covered="74"/><counter type="COMPLEXITY" missed="4" covered="7"/><counter type="METHOD" missed="0" covered="7"/><counter type="CLASS" missed="0" covered="1"/></class><class name="com/parkit/parkingsystem/dao/ParkingSpotDAO" sourcefilename="ParkingSpotDAO.java"><method name="&lt;init&gt;" desc="()V" line="14"><counter type="INSTRUCTION" missed="0" covered="8"/><counter type="LINE" missed="0" covered="2"/><counter type="COMPLEXITY" missed="0" covered="1"/><counter type="METHOD" missed="0" covered="1"/></method><method name="getNextAvailableSlot" desc="(Lcom/parkit/parkingsystem/constants/ParkingType;)I" line="20"><counter type="INSTRUCTION" missed="5" covered="41"/><counter type="BRANCH" missed="1" covered="1"/><counter type="LINE" missed="2" covered="12"/><counter type="COMPLEXITY" missed="1" covered="1"/><counter type="METHOD" missed="0" covered="1"/></method><method name="updateParking" desc="(Lcom/parkit/parkingsystem/model/ParkingSpot;)Z" line="42"><counter type="INSTRUCTION" missed="10" covered="39"/><counter type="BRANCH" missed="1" covered="1"/><counter type="LINE" missed="3" covered="9"/><counter type="COMPLEXITY" missed="1" covered="1"/><counter type="METHOD" missed="0" covered="1"/></method><method name="&lt;clinit&gt;" desc="()V" line="15"><counter type="INSTRUCTION" missed="0" covered="4"/><counter type="LINE" missed="0" covered="1"/><counter type="COMPLEXITY" missed="0" covered="1"/><counter type="METHOD" missed="0" covered="1"/></method><counter type="INSTRUCTION" missed="15" covered="92"/><counter type="BRANCH" missed="2" covered="2"/><counter type="LINE" missed="5" covered="24"/><counter type="COMPLEXITY" missed="2" covered="4"/><counter type="METHOD" missed="0" covered="4"/><counter type="CLASS" missed="0" covered="1"/></class><sourcefile name="ParkingSpotDAO.java"><line nr="14" mi="0" ci="2" mb="0" cb="0"/><line nr="15" mi="0" ci="4" mb="0" cb="0"/><line nr="17" mi="0" ci="6" mb="0" cb="0"/><line nr="20" mi="0" ci="2" mb="0" cb="0"/><line nr="21" mi="0" ci="2" mb="0" cb="0"/><line nr="23" mi="0" ci="4" mb="0" cb="0"/><line nr="24" mi="0" ci="4" mb="0" cb="0"/><line nr="25" mi="0" ci="5" mb="0" cb="0"/><line nr="26" mi="0" ci="3" mb="0" cb="0"/><line nr="27" mi="0" ci="3" mb="1" cb="1"/><line nr="28" mi="0" ci="4" mb="0" cb="0"/><line nr="30" mi="0" ci="4" mb="0" cb="0"/><line nr="31" mi="0" ci="4" mb="0" cb="0"/><line nr="32" mi="1" ci="0" mb="0" cb="0"/><line nr="33" mi="4" ci="0" mb="0" cb="0"/><line nr="35" mi="0" ci="4" mb="0" cb="0"/><line nr="37" mi="0" ci="2" mb="0" cb="0"/><line nr="42" mi="0" ci="2" mb="0" cb="0"/><line nr="44" mi="0" ci="4" mb="0" cb="0"/><line nr="45" mi="0" ci="4" mb="0" cb="0"/><line nr="46" mi="0" ci="5" mb="0" cb="0"/><line nr="47" mi="0" ci="5" mb="0" cb="0"/><line nr="48" mi="0" ci="3" mb="0" cb="0"/><line nr="49" mi="0" ci="4" mb="0" cb="0"/><line nr="50" mi="1" ci="8" mb="1" cb="1"/><line nr="51" mi="1" ci="0" mb="0" cb="0"/><line nr="52" mi="4" ci="0" mb="0" cb="0"/><line nr="53" mi="4" ci="0" mb="0" cb="0"/><line nr="55" mi="0" ci="4" mb="0" cb="0"/><counter type="INSTRUCTION" missed="15" covered="92"/><counter type="BRANCH" missed="2" covered="2"/><counter type="LINE" missed="5" covered="24"/><counter type="COMPLEXITY" missed="2" covered="4"/><counter type="METHOD" missed="0" covered="4"/><counter type="CLASS" missed="0" covered="1"/></sourcefile><sourcefile name="TicketDAO.java"><line nr="16" mi="0" ci="2" mb="0" cb="0"/><line nr="18" mi="0" ci="4" mb="0" cb="0"/><line nr="20" mi="0" ci="6" mb="0" cb="0"/><line nr="23" mi="0" ci="2" mb="0" cb="0"/><line nr="25" mi="0" ci="4" mb="0" cb="0"/><line nr="26" mi="0" ci="4" mb="0" cb="0"/><line nr="29" mi="0" ci="6" mb="0" cb="0"/><line nr="30" mi="0" ci="5" mb="0" cb="0"/><line nr="31" mi="0" ci="5" mb="0" cb="0"/><line nr="32" mi="0" ci="9" mb="0" cb="0"/><line nr="33" mi="6" ci="8" mb="1" cb="1"/><line nr="34" mi="0" ci="3" mb="0" cb="0"/><line nr="35" mi="1" ci="0" mb="0" cb="0"/><line nr="36" mi="4" ci="0" mb="0" cb="0"/><line nr="38" mi="9" ci="4" mb="0" cb="0"/><line nr="39" mi="4" ci="2" mb="0" cb="0"/><line nr="44" mi="0" ci="2" mb="0" cb="0"/><line nr="45" mi="0" ci="2" mb="0" cb="0"/><line nr="47" mi="0" ci="4" mb="0" cb="0"/><line nr="48" mi="0" ci="4" mb="0" cb="0"/><line nr="50" mi="0" ci="4" mb="0" cb="0"/><line nr="51" mi="0" ci="3" mb="0" cb="0"/><line nr="52" mi="0" ci="3" mb="1" cb="1"/><line nr="53" mi="0" ci="4" mb="0" cb="0"/><line nr="54" mi="0" ci="12" mb="0" cb="0"/><line nr="55" mi="0" ci="3" mb="0" cb="0"/><line nr="56" mi="0" ci="5" mb="0" cb="0"/><line nr="57" mi="0" ci="3" mb="0" cb="0"/><line nr="58" mi="0" ci="5" mb="0" cb="0"/><line nr="59" mi="0" ci="5" mb="0" cb="0"/><line nr="60" mi="0" ci="5" mb="0" cb="0"/><line nr="62" mi="0" ci="4" mb="0" cb="0"/><line nr="63" mi="0" ci="4" mb="0" cb="0"/><line nr="64" mi="1" ci="0" mb="0" cb="0"/><line nr="65" mi="4" ci="0" mb="0" cb="0"/><line nr="67" mi="9" ci="4" mb="0" cb="0"/><line nr="68" mi="4" ci="2" mb="0" cb="0"/><line nr="73" mi="0" ci="2" mb="0" cb="0"/><line nr="74" mi="0" ci="2" mb="0" cb="0"/><line nr="76" mi="0" ci="4" mb="0" cb="0"/><line nr="77" mi="0" ci="4" mb="0" cb="0"/><line nr="79" mi="0" ci="4" mb="0" cb="0"/><line nr="80" mi="0" ci="3" mb="0" cb="0"/><line nr="81" mi="0" ci="3" mb="1" cb="1"/><line nr="82" mi="0" ci="4" mb="0" cb="0"/><line nr="83" mi="0" ci="12" mb="0" cb="0"/><line nr="84" mi="0" ci="3" mb="0" cb="0"/><line nr="85" mi="0" ci="5" mb="0" cb="0"/><line nr="86" mi="0" ci="3" mb="0" cb="0"/><line nr="87" mi="0" ci="5" mb="0" cb="0"/><line nr="88" mi="0" ci="5" mb="0" cb="0"/><line nr="89" mi="0" ci="5" mb="0" cb="0"/><line nr="91" mi="0" ci="4" mb="0" cb="0"/><line nr="92" mi="0" ci="4" mb="0" cb="0"/><line nr="93" mi="1" ci="0" mb="0" cb="0"/><line nr="94" mi="4" ci="0" mb="0" cb="0"/><line nr="96" mi="9" ci="4" mb="0" cb="0"/><line nr="97" mi="4" ci="2" mb="0" cb="0"/><line nr="102" mi="0" ci="2" mb="0" cb="0"/><line nr="104" mi="0" ci="4" mb="0" cb="0"/><line nr="105" mi="0" ci="4" mb="0" cb="0"/><line nr="106" mi="0" ci="5" mb="0" cb="0"/><line nr="107" mi="0" ci="9" mb="0" cb="0"/><line nr="108" mi="0" ci="5" mb="0" cb="0"/><line nr="109" mi="0" ci="3" mb="0" cb="0"/><line nr="110" mi="0" ci="4" mb="0" cb="0"/><line nr="111" mi="1" ci="0" mb="0" cb="0"/><line nr="112" mi="4" ci="0" mb="0" cb="0"/><line nr="114" mi="0" ci="4" mb="0" cb="0"/><line nr="116" mi="2" ci="0" mb="0" cb="0"/><line nr="120" mi="0" ci="2" mb="0" cb="0"/><line nr="121" mi="0" ci="2" mb="0" cb="0"/><line nr="122" mi="0" ci="2" mb="0" cb="0"/><line nr="124" mi="0" ci="4" mb="0" cb="0"/><line nr="125" mi="0" ci="4" mb="0" cb="0"/><line nr="127" mi="0" ci="4" mb="0" cb="0"/><line nr="128" mi="0" ci="3" mb="0" cb="0"/><line nr="129" mi="0" ci="3" mb="1" cb="1"/><line nr="130" mi="0" ci="1" mb="0" cb="0"/><line nr="132" mi="0" ci="4" mb="0" cb="0"/><line nr="133" mi="0" ci="4" mb="0" cb="0"/><line nr="134" mi="1" ci="0" mb="0" cb="0"/><line nr="135" mi="4" ci="0" mb="0" cb="0"/><line nr="137" mi="9" ci="4" mb="0" cb="0"/><line nr="138" mi="4" ci="2" mb="0" cb="0"/><counter type="INSTRUCTION" missed="85" covered="299"/><counter type="BRANCH" missed="4" covered="4"/><counter type="LINE" missed="11" covered="74"/><counter type="COMPLEXITY" missed="4" covered="7"/><counter type="METHOD" missed="0" covered="7"/><counter type="CLASS" missed="0" covered="1"/></sourcefile><counter type="INSTRUCTION" missed="100" covered="391"/><counter type="BRANCH" missed="6" covered="6"/><counter type="LINE" missed="16" covered="98"/><counter type="COMPLEXITY" missed="6" covered="11"/><counter type="METHOD" missed="0" covered="11"/><counter type="CLASS" missed="0" covered="2"/></package><package name="com/parkit/parkingsystem/config"><class name="com/parkit/parkingsystem/config/DataBaseConfig" sourcefilename="DataBaseConfig.java"><method name="&lt;init&gt;" desc="()V" line="8"><counter type="INSTRUCTION" missed="0" covered="3"/><counter type="LINE" missed="0" covered="1"/><counter type="COMPLEXITY" missed="0" covered="1"/><counter type="METHOD" missed="0" covered="1"/></method><method name="getConnection" desc="()Ljava/sql/Connection;" line="13"><counter type="INSTRUCTION" missed="11" covered="0"/><counter type="LINE" missed="3" covered="0"/><counter type="COMPLEXITY" missed="1" covered="0"/><counter type="METHOD" missed="1" covered="0"/></method><method name="closeConnection" desc="(Ljava/sql/Connection;)V" line="20"><counter type="INSTRUCTION" missed="14" covered="0"/><counter type="BRANCH" missed="2" covered="0"/><counter type="LINE" missed="7" covered="0"/><counter type="COMPLEXITY" missed="2" covered="0"/><counter type="METHOD" missed="1" covered="0"/></method><method name="closePreparedStatement" desc="(Ljava/sql/PreparedStatement;)V" line="31"><counter type="INSTRUCTION" missed="14" covered="0"/><counter type="BRANCH" missed="2" covered="0"/><counter type="LINE" missed="7" covered="0"/><counter type="COMPLEXITY" missed="2" covered="0"/><counter type="METHOD" missed="1" covered="0"/></method><method name="closeResultSet" desc="(Ljava/sql/ResultSet;)V" line="42"><counter type="INSTRUCTION" missed="14" covered="0"/><counter type="BRANCH" missed="2" covered="0"/><counter type="LINE" missed="7" covered="0"/><counter type="COMPLEXITY" missed="2" covered="0"/><counter type="METHOD" missed="1" covered="0"/></method><method name="&lt;clinit&gt;" desc="()V" line="10"><counter type="INSTRUCTION" missed="0" covered="4"/><counter type="LINE" missed="0" covered="1"/><counter type="COMPLEXITY" missed="0" covered="1"/><counter type="METHOD" missed="0" covered="1"/></method><counter type="INSTRUCTION" missed="53" covered="7"/><counter type="BRANCH" missed="6" covered="0"/><counter type="LINE" missed="24" covered="2"/><counter type="COMPLEXITY" missed="7" covered="2"/><counter type="METHOD" missed="4" covered="2"/><counter type="CLASS" missed="0" covered="1"/></class><sourcefile name="DataBaseConfig.java"><line nr="8" mi="0" ci="3" mb="0" cb="0"/><line nr="10" mi="0" ci="4" mb="0" cb="0"/><line nr="13" mi="3" ci="0" mb="0" cb="0"/><line nr="14" mi="3" ci="0" mb="0" cb="0"/><line nr="15" mi="5" ci="0" mb="0" cb="0"/><line nr="20" mi="2" ci="0" mb="2" cb="0"/><line nr="22" mi="2" ci="0" mb="0" cb="0"/><line nr="23" mi="3" ci="0" mb="0" cb="0"/><line nr="24" mi="1" ci="0" mb="0" cb="0"/><line nr="25" mi="4" ci="0" mb="0" cb="0"/><line nr="26" mi="1" ci="0" mb="0" cb="0"/><line nr="28" mi="1" ci="0" mb="0" cb="0"/><line nr="31" mi="2" ci="0" mb="2" cb="0"/><line nr="33" mi="2" ci="0" mb="0" cb="0"/><line nr="34" mi="3" ci="0" mb="0" cb="0"/><line nr="35" mi="1" ci="0" mb="0" cb="0"/><line nr="36" mi="4" ci="0" mb="0" cb="0"/><line nr="37" mi="1" ci="0" mb="0" cb="0"/><line nr="39" mi="1" ci="0" mb="0" cb="0"/><line nr="42" mi="2" ci="0" mb="2" cb="0"/><line nr="44" mi="2" ci="0" mb="0" cb="0"/><line nr="45" mi="3" ci="0" mb="0" cb="0"/><line nr="46" mi="1" ci="0" mb="0" cb="0"/><line nr="47" mi="4" ci="0" mb="0" cb="0"/><line nr="48" mi="1" ci="0" mb="0" cb="0"/><line nr="50" mi="1" ci="0" mb="0" cb="0"/><counter type="INSTRUCTION" missed="53" covered="7"/><counter type="BRANCH" missed="6" covered="0"/><counter type="LINE" missed="24" covered="2"/><counter type="COMPLEXITY" missed="7" covered="2"/><counter type="METHOD" missed="4" covered="2"/><counter type="CLASS" missed="0" covered="1"/></sourcefile><counter type="INSTRUCTION" missed="53" covered="7"/><counter type="BRANCH" missed="6" covered="0"/><counter type="LINE" missed="24" covered="2"/><counter type="COMPLEXITY" missed="7" covered="2"/><counter type="METHOD" missed="4" covered="2"/><counter type="CLASS" missed="0" covered="1"/></package><counter type="INSTRUCTION" missed="316" covered="866"/><counter type="BRANCH" missed="29" covered="29"/><counter type="LINE" missed="99" covered="234"/><counter type="COMPLEXITY" missed="39" covered="53"/><counter type="METHOD" missed="17" covered="44"/><counter type="CLASS" missed="4" covered="9"/></report>